<?xml version="1.0" encoding="UTF-8"?>
<!-- Generated by org.testng.reporters.JUnitXMLReporter -->
<testsuite hostname="uftuser-PC" name="Test" tests="5" failures="0" timestamp="12 Apr 2018 04:06:28 GMT" time="109.272" errors="0">
  <testcase name="verifyErrorMsgWithOutDataTest" time="15.124" classname="com.acttime.loginTest.LoginTest"/>
  <testcase name="verifyInvalidPasswordTest" time="0.646" classname="com.acttime.loginTest.LoginTest"/>
  <testcase name="verifyInvalidUSernameTest" time="1.417" classname="com.acttime.loginTest.LoginTest"/>
  <testcase name="createCusomerWithDesp" time="30.616" classname="com.acttime.projectcustTest.CustomerProjectTest"/>
  <testcase name="createCustomerTest" time="2.786" classname="com.acttime.projectcustTest.CustomerProjectTest"/>
</testsuite> <!-- Test -->
