<?xml version="1.0" encoding="UTF-8"?>
<!-- Generated by org.testng.reporters.JUnitXMLReporter -->
<testsuite hostname="uftuser-PC" name="Default test" tests="5" failures="0" timestamp="13 Apr 2018 04:24:06 GMT" time="0.118" errors="0">
  <testcase name="buyProductTest" time="0.018" classname="tmp.Cart"/>
  <testcase name="buyProductTest" time="0.001" classname="tmp.Cart"/>
  <testcase name="buyProductTest" time="0.001" classname="tmp.Cart"/>
  <testcase name="buyProductTest" time="0.001" classname="tmp.Cart"/>
  <testcase name="buyProductTest" time="0.0" classname="tmp.Cart"/>
</testsuite> <!-- Default test -->
